from:network, to:q3nf394hjg-random-miner-address-34nf3i4nflkn3oi, amount:970, RMB:6159.5

from:network, to:Jack, amount:18881, RMB:119894.35

from:network, to:Jack, amount:18881, RMB:119894.35

from:network, to:q3nf394hjg-random-miner-address-34nf3i4nflkn3oi, amount:80, RMB:508.0

from:network, to:q3nf394hjg-random-miner-address-34nf3i4nflkn3oi, amount:823, RMB:5226.05

from:Frank.Lewis, to:Augustine.Johnson, amount:51087, RMB:324402.45

from:Frank.Lewis, to:Augustine.Johnson, amount:51087, RMB:324402.45

from:network, to:q3nf394hjg-random-miner-address-34nf3i4nflkn3oi, amount:702, RMB:4457.7

from:network, to:q3nf394hjg-random-miner-address-34nf3i4nflkn3oi, amount:962, RMB:6108.7

from:network, to:q3nf394hjg-random-miner-address-34nf3i4nflkn3oi, amount:679, RMB:4311.65

from:network, to:q3nf394hjg-random-miner-address-34nf3i4nflkn3oi, amount:924, RMB:5867.4

from:network, to:q3nf394hjg-random-miner-address-34nf3i4nflkn3oi, amount:302, RMB:1917.7

from:network, to:q3nf394hjg-random-miner-address-34nf3i4nflkn3oi, amount:178, RMB:1130.3

from:Frank.Smith, to:Freda.Clarke, amount:37809, RMB:240087.15

from:Frank.Smith, to:Freda.Clarke, amount:37809, RMB:240087.15

from:Athena.Williams, to:Athena.Thomas, amount:59897, RMB:380345.95

from:Frank.Smith, to:Freda.Clarke, amount:37809, RMB:240087.15

from:Athena.Williams, to:Athena.Thomas, amount:59897, RMB:380345.95

from:Frank.Johnson, to:Freda.Brown, amount:76862, RMB:488073.7

from:Frank.Smith, to:Freda.Clarke, amount:37809, RMB:240087.15

from:Athena.Williams, to:Athena.Thomas, amount:59897, RMB:380345.95

from:Frank.Johnson, to:Freda.Brown, amount:76862, RMB:488073.7

from:network, to:q3nf394hjg-random-miner-address-34nf3i4nflkn3oi, amount:824, RMB:5232.4

from:network, to:q3nf394hjg-random-miner-address-34nf3i4nflkn3oi, amount:254, RMB:1612.9

from:network, to:q3nf394hjg-random-miner-address-34nf3i4nflkn3oi, amount:413, RMB:2622.55

